31.05.2016. 21:36:34 DEBUG: Connect-Response: "+OK BLU003-POP135 POP3 server ready"
31.05.2016. 21:36:34 DEBUG: SendCommand: "USER nedimp_97@hotmail.com"
31.05.2016. 21:36:34 DEBUG: Server-Response: "+OK password required"
31.05.2016. 21:36:34 DEBUG: SendCommand: "PASS Mukipusikurac69"
31.05.2016. 21:36:35 DEBUG: Server-Response: "+OK mailbox has 32 messages"
31.05.2016. 21:36:35 DEBUG: SendCommand: "STAT"
31.05.2016. 21:36:35 DEBUG: Server-Response: "+OK 32 950298"
31.05.2016. 21:36:35 DEBUG: SendCommand: "RETR 32"
31.05.2016. 21:36:35 DEBUG: Server-Response: "+OK"
31.05.2016. 21:36:36 DEBUG: SendCommand: "RETR 31"
31.05.2016. 21:36:37 DEBUG: Server-Response: "+OK"
31.05.2016. 21:36:37 DEBUG: SendCommand: "RETR 30"
31.05.2016. 21:36:37 DEBUG: Server-Response: "+OK"
31.05.2016. 21:36:38 DEBUG: SendCommand: "RETR 29"
31.05.2016. 21:36:38 DEBUG: Server-Response: "+OK"
31.05.2016. 21:36:38 DEBUG: SendCommand: "RETR 28"
31.05.2016. 21:36:38 DEBUG: Server-Response: "+OK"
31.05.2016. 21:36:38 DEBUG: SendCommand: "RETR 27"
31.05.2016. 21:36:38 DEBUG: Server-Response: "+OK"
31.05.2016. 21:36:38 DEBUG: SendCommand: "RETR 26"
31.05.2016. 21:36:38 DEBUG: Server-Response: "+OK"
31.05.2016. 21:36:38 DEBUG: SendCommand: "RETR 25"
31.05.2016. 21:36:39 DEBUG: Server-Response: "+OK"
31.05.2016. 21:36:39 DEBUG: SendCommand: "RETR 24"
31.05.2016. 21:36:39 DEBUG: Server-Response: "+OK"
31.05.2016. 21:36:39 DEBUG: SendCommand: "RETR 23"
31.05.2016. 21:36:39 DEBUG: Server-Response: "+OK"
31.05.2016. 21:36:39 DEBUG: SendCommand: "RETR 22"
31.05.2016. 21:36:39 DEBUG: Server-Response: "+OK"
31.05.2016. 21:36:39 DEBUG: SendCommand: "RETR 21"
31.05.2016. 21:36:40 DEBUG: Server-Response: "+OK"
31.05.2016. 21:36:40 DEBUG: SendCommand: "RETR 20"
31.05.2016. 21:36:40 DEBUG: Server-Response: "+OK"
31.05.2016. 21:36:40 DEBUG: SendCommand: "RETR 19"
31.05.2016. 21:36:41 DEBUG: Server-Response: "+OK"
31.05.2016. 21:36:41 DEBUG: SendCommand: "RETR 18"
31.05.2016. 21:36:42 DEBUG: Server-Response: "+OK"
31.05.2016. 21:36:42 DEBUG: SendCommand: "RETR 17"
31.05.2016. 21:36:42 DEBUG: Server-Response: "+OK"
31.05.2016. 21:36:42 DEBUG: SendCommand: "RETR 16"
31.05.2016. 21:36:43 DEBUG: Server-Response: "+OK"
31.05.2016. 21:36:43 DEBUG: SendCommand: "RETR 15"
31.05.2016. 21:36:43 DEBUG: Server-Response: "+OK"
31.05.2016. 21:36:43 DEBUG: SendCommand: "RETR 14"
31.05.2016. 21:36:43 DEBUG: Server-Response: "+OK"
31.05.2016. 21:36:43 DEBUG: SendCommand: "RETR 13"
31.05.2016. 21:36:44 DEBUG: Server-Response: "+OK"
31.05.2016. 21:36:44 DEBUG: SendCommand: "RETR 12"
31.05.2016. 21:36:44 DEBUG: Server-Response: "+OK"
31.05.2016. 21:36:47 DEBUG: SendCommand: "RETR 11"
31.05.2016. 21:36:47 DEBUG: Server-Response: "+OK"
31.05.2016. 21:36:47 DEBUG: SendCommand: "RETR 10"
31.05.2016. 21:36:47 DEBUG: Server-Response: "+OK"
31.05.2016. 21:36:47 DEBUG: SendCommand: "RETR 9"
31.05.2016. 21:36:48 DEBUG: Server-Response: "+OK"
31.05.2016. 21:36:48 DEBUG: SendCommand: "RETR 8"
31.05.2016. 21:36:48 DEBUG: Server-Response: "+OK"
31.05.2016. 21:36:50 DEBUG: SendCommand: "RETR 7"
31.05.2016. 21:36:50 DEBUG: Server-Response: "+OK"
31.05.2016. 21:36:51 DEBUG: SendCommand: "RETR 6"
31.05.2016. 21:36:51 DEBUG: Server-Response: "+OK"
31.05.2016. 21:36:51 DEBUG: SendCommand: "RETR 5"
31.05.2016. 21:36:51 DEBUG: Server-Response: "+OK"
31.05.2016. 21:36:51 DEBUG: SendCommand: "RETR 4"
31.05.2016. 21:36:51 DEBUG: Server-Response: "+OK"
31.05.2016. 21:36:51 DEBUG: SendCommand: "RETR 3"
31.05.2016. 21:36:51 DEBUG: Server-Response: "+OK"
31.05.2016. 21:36:52 DEBUG: SendCommand: "RETR 2"
31.05.2016. 21:36:52 DEBUG: Server-Response: "+OK"
31.05.2016. 21:36:52 DEBUG: SendCommand: "RETR 1"
31.05.2016. 21:36:52 DEBUG: Server-Response: "+OK"
31.05.2016. 21:37:44 DEBUG: SendCommand: "QUIT"
31.05.2016. 21:37:44 DEBUG: Server-Response: "+OK mailbox unchanged, POP3 server signing off"
31.05.2016. 21:37:45 DEBUG: Connect-Response: "+OK BLU003-POP154 POP3 server ready"
31.05.2016. 21:37:45 DEBUG: SendCommand: "USER nedimp_97@hotmail.com"
31.05.2016. 21:37:46 DEBUG: Server-Response: "+OK password required"
31.05.2016. 21:37:46 DEBUG: SendCommand: "PASS Mukipusikurac69"
31.05.2016. 21:37:47 DEBUG: Server-Response: "+OK mailbox has 12 messages"
31.05.2016. 21:37:47 DEBUG: SendCommand: "STAT"
31.05.2016. 21:37:47 DEBUG: Server-Response: "+OK 12 283218"
31.05.2016. 21:37:47 DEBUG: SendCommand: "RETR 12"
31.05.2016. 21:37:47 DEBUG: Server-Response: "+OK"
31.05.2016. 21:37:47 DEBUG: SendCommand: "RETR 11"
31.05.2016. 21:37:47 DEBUG: Server-Response: "+OK"
31.05.2016. 21:37:47 DEBUG: SendCommand: "RETR 10"
31.05.2016. 21:37:47 DEBUG: Server-Response: "+OK"
31.05.2016. 21:37:47 DEBUG: SendCommand: "RETR 9"
31.05.2016. 21:37:48 DEBUG: Server-Response: "+OK"
31.05.2016. 21:37:48 DEBUG: SendCommand: "RETR 8"
31.05.2016. 21:37:48 DEBUG: Server-Response: "+OK"
31.05.2016. 21:37:48 DEBUG: SendCommand: "RETR 7"
31.05.2016. 21:37:48 DEBUG: Server-Response: "+OK"
31.05.2016. 21:37:48 DEBUG: SendCommand: "RETR 6"
31.05.2016. 21:37:48 DEBUG: Server-Response: "+OK"
31.05.2016. 21:37:49 DEBUG: SendCommand: "RETR 5"
31.05.2016. 21:37:49 DEBUG: Server-Response: "+OK"
31.05.2016. 21:37:49 DEBUG: SendCommand: "RETR 4"
31.05.2016. 21:37:49 DEBUG: Server-Response: "+OK"
31.05.2016. 21:37:49 DEBUG: SendCommand: "RETR 3"
31.05.2016. 21:37:49 DEBUG: Server-Response: "+OK"
31.05.2016. 21:37:51 DEBUG: SendCommand: "RETR 2"
31.05.2016. 21:37:51 DEBUG: Server-Response: "+OK"
31.05.2016. 21:37:51 DEBUG: SendCommand: "RETR 1"
31.05.2016. 21:37:52 DEBUG: Server-Response: "+OK"
